[2024-02-07T06:13:15Z INFO faucet] NimiqLIVE: !send NQ637BGF3MMTUHVD5EPYPLS33AR3VTUE6TGR 2.1 rjwired
[2024-02-07T06:13:15Z INFO faucet] NimiqLIVE: @rjwired earned 2.1 NIM! (1.7x)[8/12]
[2024-02-07T06:13:16Z INFO faucet] NimiqLIVE: Sent 2.1 NIM to @rjwired! TXID: https://nimiq.watch/#a46c2bffde4b59fb80e5c57f050bc39758aa6ac33b5f2017231409ee6154e8d1
[2024-02-07T06:14:03Z INFO faucet] NimiqLIVE: nimiqlHEART
[2024-02-07T06:18:20Z INFO faucet] NimiqLIVE: !send NQ83FTJBQK71QRJ13JE971XRQCJC0UR5AGL4 2.0 junky_cry
[2024-02-07T06:18:21Z INFO faucet] NimiqLIVE: @junky_cry earned 2.0 NIM! (1.6x)[9/12]
[2024-02-07T06:18:22Z INFO faucet] NimiqLIVE: Sent 2 NIM to @junky_cry! TXID: https://nimiq.watch/#7cc7d4ab1a95191c8c2d3c7edf13ffaae3124ef2f2a4d3d8403a3754b2cdc802
[2024-02-07T06:23:26Z INFO faucet] NimiqLIVE: !send NQ6999N3H69DLD59QDUTJJ0X7LK3KP1AGMBF 5.8 waygrow
[2024-02-07T06:23:26Z INFO faucet] NimiqLIVE: @waygrow earned 5.8 NIM! (1.6x)[10/12]
[2024-02-07T06:23:29Z INFO faucet] NimiqLIVE: Sent 5.8 NIM to @waygrow! TXID: https://nimiq.watch/#33d09e49b1003746660ea71e9f4827225c28b7c137af91f95f8fd5cb9e3d9b94
[2024-02-07T06:28:31Z INFO faucet] NimiqLIVE: !send NQ83FTJBQK71QRJ13JE971XRQCJC0UR5AGL4 2.1 junky_cry
[2024-02-07T06:28:31Z INFO faucet] NimiqLIVE: @junky_cry earned 2.1 NIM! (1.7x)[11/12]
[2024-02-07T06:28:33Z INFO faucet] NimiqLIVE: Sent 2.1 NIM to @junky_cry! TXID: https://nimiq.watch/#a1f8568615586d890d4b8144649eb710523aaeef5c20c04bcc043e04b21951ab
[2024-02-07T06:32:57Z DEBUG rustls::client::hs] No cached session for DnsName("irc.chat.twitch.tv")
[2024-02-07T06:32:57Z DEBUG rustls::client::hs] Not resuming any session
[2024-02-07T06:32:57Z DEBUG rustls::client::hs] ALPN protocol is None
[2024-02-07T06:32:57Z DEBUG rustls::client::hs] Using ciphersuite TLS_ECDHE_RSA_WITH_AES_128_GCM_SHA256
[2024-02-07T06:32:57Z DEBUG rustls::client::tls12] ECDHE curve is ECParameters { curve_type: NamedCurve, named_group: secp256r1 }
[2024-02-07T06:32:57Z DEBUG rustls::client::tls12] Server DNS name is DnsName("irc.chat.twitch.tv")
[2024-02-07T06:33:14Z INFO faucet] ramijakat: !p442
[2024-02-07T06:33:15Z INFO faucet] NimiqLIVE: @ramijakat you are now eligible!
[2024-02-07T06:33:36Z INFO faucet] NimiqLIVE: !send NQ499USYSTC090AL6VA32LDYP0EA7HSDT5NJ 2.1 ramijakat
[2024-02-07T06:33:36Z INFO faucet] NimiqLIVE: @ramijakat earned 2.1 NIM! (1.7x)[12/12]
[2024-02-07T06:33:36Z INFO faucet] NimiqLIVE: Starting battle royale, winner earns 10 NIM!
[2024-02-07T06:33:36Z INFO faucet] NimiqLIVE: !battleroyale
[2024-02-07T06:33:36Z INFO faucet] NimiqLIVE: The Battle Royale is starting!
[2024-02-07T06:33:37Z INFO faucet] NimiqLIVE: Sent 2.1 NIM to @ramijakat! TXID: https://nimiq.watch/#4932553468868fdb6dca5d397c4a741f19f5e129002e3bd542e377e7a15216de
[2024-02-07T06:34:05Z INFO faucet] emilykimau1: !a6t6
[2024-02-07T06:34:05Z INFO faucet] NimiqLIVE: @emilykimau1 you are now eligible!
[2024-02-07T06:34:16Z INFO faucet] nohwolf: !
[2024-02-07T06:34:32Z INFO faucet] nohwolf: !Oylz
[2024-02-07T06:34:38Z INFO faucet] nohwolf: !0ylz
[2024-02-07T06:34:38Z INFO faucet] NimiqLIVE: @nohwolf you are now eligible!
[2024-02-07T06:34:50Z INFO faucet] NimiqLIVE: just_writing_chat has won the Battle Royale! + 100 gold
[2024-02-07T06:34:50Z INFO faucet] NimiqLIVE: @just_writing_chat has won 10 NIM from the battle royale!
[2024-02-07T06:34:50Z INFO faucet] NimiqLIVE: !send NQ20GPA8YLQTXQTBA9EMCUT4M1PFJ3DMUPSB 10 just_writing_chat
[2024-02-07T06:34:51Z INFO faucet] NimiqLIVE: Sent 10 NIM to @just_writing_chat! TXID: https://nimiq.watch/#d5b816abdb4d7da44d31573e10942e2e26a16aec74ca707e08e0dd56062a2751
[2024-02-07T06:35:06Z INFO faucet] RJwired: !cbf8
[2024-02-07T06:35:06Z INFO faucet] NimiqLIVE: @rjwired you are now eligible!
[2024-02-07T06:37:29Z INFO faucet] NimiqLIVE: Stream Avatars Extension! : https://server.streamavatars.com/viewer.html?channel_id=630650515&platform=twitch
[2024-02-07T06:38:41Z INFO faucet] NimiqLIVE: !send NQ637BGF3MMTUHVD5EPYPLS33AR3VTUE6TGR 1.6 rjwired
[2024-02-07T06:38:41Z INFO faucet] NimiqLIVE: @rjwired earned 1.6 NIM! (1.6x)[1/12]
[2024-02-07T06:38:43Z INFO faucet] NimiqLIVE: Sent 1.6 NIM to @rjwired! TXID: https://nimiq.watch/#97a831c91ff82c028585d42e158d7aaf0e04981163c5bf1e498c80d6a96cdb30
[2024-02-07T06:43:46Z INFO faucet] NimiqLIVE: !send NQ7916E85NRVTMXHA8JDJ8X80V2JC5UBF1TT 1.6 nohwolf
[2024-02-07T06:43:46Z INFO faucet] NimiqLIVE: @nohwolf earned 1.6 NIM! (1.6x)[2/12]
[2024-02-07T06:43:47Z INFO faucet] NimiqLIVE: Sent 1.6 NIM to @nohwolf! TXID: https://nimiq.watch/#57c5d149b96ae412d634d92b08fd4b86f30e781cb3b90040a41bba6e37a2992a
[2024-02-07T06:47:48Z INFO faucet] Just_Writing_Chat: !253b
[2024-02-07T06:47:48Z INFO faucet] NimiqLIVE: @just_writing_chat you are now eligible!
[2024-02-07T06:48:52Z INFO faucet] NimiqLIVE: !send NQ20GPA8YLQTXQTBA9EMCUT4M1PFJ3DMUPSB 5.1 just_writing_chat
[2024-02-07T06:48:52Z INFO faucet] NimiqLIVE: @just_writing_chat earned 5.1 NIM! (1.7x)[3/12]
[2024-02-07T06:48:54Z INFO faucet] NimiqLIVE: Sent 5.1 NIM to @just_writing_chat! TXID: https://nimiq.watch/#1d60e5bc1f07aff2d697e560d91eccf8995346edbf6aa4d957729f1a1a3f3f08
[2024-02-07T06:53:56Z INFO faucet] NimiqLIVE: !send NQ637BGF3MMTUHVD5EPYPLS33AR3VTUE6TGR 1.6 rjwired
[2024-02-07T06:53:56Z INFO faucet] NimiqLIVE: @rjwired earned 1.6 NIM! (1.6x)[4/12]
[2024-02-07T06:53:58Z INFO faucet] NimiqLIVE: Sent 1.6 NIM to @rjwired! TXID: https://nimiq.watch/#2013e220679db97f8616fb4630a1ff8cc30330744b45f6ffe7a705fd38095b50
[2024-02-07T06:59:03Z INFO faucet] NimiqLIVE: !send NQ7916E85NRVTMXHA8JDJ8X80V2JC5UBF1TT 1.6 nohwolf
[2024-02-07T06:59:03Z INFO faucet] NimiqLIVE: @nohwolf earned 1.6 NIM! (1.6x)[5/12]
[2024-02-07T06:59:06Z INFO faucet] NimiqLIVE: Sent 1.6 NIM to @nohwolf! TXID: https://nimiq.watch/#30f37ed1c039af5e7cbb861b4b2bcc3544a36a9295a1a9fc3403cdfa4d51f607
[2024-02-07T06:59:13Z INFO faucet] waygrow: !xje1
[2024-02-07T06:59:13Z INFO faucet] NimiqLIVE: @waygrow you are now eligible!
[2024-02-07T07:00:07Z INFO faucet] fratta2: !uzt9
[2024-02-07T07:00:07Z INFO faucet] NimiqLIVE: @fratta2 you are now eligible!
[2024-02-07T07:04:10Z INFO faucet] NimiqLIVE: !send NQ7916E85NRVTMXHA8JDJ8X80V2JC5UBF1TT 2.1 nohwolf
[2024-02-07T07:04:10Z INFO faucet] NimiqLIVE: @nohwolf earned 2.1 NIM! (1.7x)[6/12]
[2024-02-07T07:04:12Z INFO faucet] NimiqLIVE: Sent 2.1 NIM to @nohwolf! TXID: https://nimiq.watch/#21324c81644e0434d114557614a71e5ff893324477d3ac019b189902e2e946be
[2024-02-07T07:09:16Z INFO faucet] NimiqLIVE: !send NQ20GPA8YLQTXQTBA9EMCUT4M1PFJ3DMUPSB 6.1 just_writing_chat
[2024-02-07T07:09:16Z INFO faucet] NimiqLIVE: @just_writing_chat earned 6.1 NIM! (1.7x)[7/12]
[2024-02-07T07:09:19Z INFO faucet] NimiqLIVE: Sent 6.1 NIM to @just_writing_chat! TXID: https://nimiq.watch/#b65e3585c35d806c319005c167e2957e237ff3070ef87edbcb6b50acf1078fb6
[2024-02-07T07:14:08Z INFO faucet] junky_cry: !vvu4
[2024-02-07T07:14:08Z INFO faucet] NimiqLIVE: @junky_cry you are now eligible!
[2024-02-07T07:14:24Z INFO faucet] NimiqLIVE: !send NQ7916E85NRVTMXHA8JDJ8X80V2JC5UBF1TT 2.2 nohwolf
[2024-02-07T07:14:24Z INFO faucet] NimiqLIVE: @nohwolf earned 2.2 NIM! (1.8x)[8/12]
[2024-02-07T07:14:27Z INFO faucet] NimiqLIVE: Sent 2.2 NIM to @nohwolf! TXID: https://nimiq.watch/#932a0b6f66d8dc57b14a1a5fb8b6c1820ef1faa8b3efdd77fb52d0cc260539d2
[2024-02-07T07:19:07Z INFO faucet] NimiqLIVE: Stream Avatars Extension! : https://server.streamavatars.com/viewer.html?channel_id=630650515&platform=twitch
[2024-02-07T07:19:29Z INFO faucet] NimiqLIVE: !send NQ7916E85NRVTMXHA8JDJ8X80V2JC5UBF1TT 2.2 nohwolf
[2024-02-07T07:19:29Z INFO faucet] NimiqLIVE: @nohwolf earned 2.2 NIM! (1.8x)[9/12]
[2024-02-07T07:19:31Z INFO faucet] NimiqLIVE: Sent 2.2 NIM to @nohwolf! TXID: https://nimiq.watch/#e3049754577567241904c860b0dae0b60af35997ec6ad5f44ea6ab2a424f18c5
[2024-02-07T07:24:35Z INFO faucet] NimiqLIVE: !send NQ73TAP61384RULLPDA5TNXKRRASQLFK7NF4 6.5 fratta2
[2024-02-07T07:24:35Z INFO faucet] NimiqLIVE: @fratta2 earned 6.5 NIM! (1.8x)[10/12]
[2024-02-07T07:24:37Z INFO faucet] NimiqLIVE: Sent 6.5 NIM to @fratta2! TXID: https://nimiq.watch/#52cfc4745f6c0579362736ab6726f7be58ded192e8617fc3d6dcda875df596f8
[2024-02-07T07:29:39Z INFO faucet] NimiqLIVE: !send NQ048773FY3P7HR6PGNCX8PXH39A5BL1V0GR 2.1 emilykimau1
[2024-02-07T07:29:39Z INFO faucet] NimiqLIVE: @emilykimau1 earned 2.1 NIM! (1.7x)[11/12]
[2024-02-07T07:29:42Z INFO faucet] NimiqLIVE: Sent 2.1 NIM to @emilykimau1! TXID: https://nimiq.watch/#eb5ed7bae0e6b8a5168b14e36c9bcec4404984be3cadb6ea99d0123781b85bf8
[2024-02-07T07:34:45Z INFO faucet] NimiqLIVE: !send NQ048773FY3P7HR6PGNCX8PXH39A5BL1V0GR 2.1 emilykimau1
[2024-02-07T07:34:45Z INFO faucet] NimiqLIVE: @emilykimau1 earned 2.1 NIM! (1.7x)[12/12]
[2024-02-07T07:34:46Z INFO faucet] NimiqLIVE: Starting battle royale, winner earns 10 NIM!
[2024-02-07T07:34:46Z INFO faucet] NimiqLIVE: !battleroyale
[2024-02-07T07:34:46Z INFO faucet] NimiqLIVE: The Battle Royale is starting!
[2024-02-07T07:34:47Z INFO faucet] NimiqLIVE: Sent 2.1 NIM to @emilykimau1! TXID: https://nimiq.watch/#23f72de793ba46d1174f82129131070b78c0f9e747db5c4483cf8fe21d0a2d58
[2024-02-07T07:35:18Z INFO faucet] RJwired: !cs0z
[2024-02-07T07:35:18Z INFO faucet] NimiqLIVE: @rjwired you are now eligible!
[2024-02-07T07:36:15Z INFO faucet] NimiqLIVE: nimiqlive has won the Battle Royale! + 100 gold
[2024-02-07T07:36:15Z INFO faucet] NimiqLIVE: @nimiqlive has won the Battle Royale, no prizes for this user :(
[2024-02-07T07:36:15Z INFO faucet] NimiqLIVE: @nimiqlive has won 10 NIM from the battle royale!
[2024-02-07T07:36:15Z INFO faucet] NimiqLIVE: No wallet ID found for @nimiqlive, please !nominate one.
[2024-02-07T07:36:15Z INFO faucet] NimiqLIVE: No wallet ID found for @nimiqlive, please !nominate one.
[2024-02-07T07:36:49Z INFO faucet] junky_cry: !t3t2
[2024-02-07T07:36:49Z INFO faucet] NimiqLIVE: @junky_cry you are now eligible!
[2024-02-07T07:38:26Z INFO faucet] nohwolf: !wamk
[2024-02-07T07:38:26Z INFO faucet] NimiqLIVE: @nohwolf you are now eligible!
[2024-02-07T07:39:51Z INFO faucet] NimiqLIVE: !send NQ7916E85NRVTMXHA8JDJ8X80V2JC5UBF1TT 1.8 nohwolf
[2024-02-07T07:39:51Z INFO faucet] NimiqLIVE: @nohwolf earned 1.8 NIM! (1.8x)[1/12]
[2024-02-07T07:39:52Z INFO faucet] NimiqLIVE: Sent 1.8 NIM to @nohwolf! TXID: https://nimiq.watch/#2d989bf38e386f9be6957aa2ef3387153d2c98d8b3eb5050afae888f03919976
[2024-02-07T07:44:56Z INFO faucet] NimiqLIVE: !send NQ83FTJBQK71QRJ13JE971XRQCJC0UR5AGL4 1.8 junky_cry
[2024-02-07T07:44:56Z INFO faucet] NimiqLIVE: @junky_cry earned 1.8 NIM! (1.8x)[2/12]
[2024-02-07T07:44:58Z INFO faucet] NimiqLIVE: Sent 1.8 NIM to @junky_cry! TXID: https://nimiq.watch/#470d68ca1ed3a1751852873178fdb8abf0894ff622fa2cd87c61082dffe458f8
[2024-02-07T07:46:26Z INFO faucet] pasqualepatr: !izy1
[2024-02-07T07:46:27Z INFO faucet] NimiqLIVE: @pasqualepatr you are now eligible!
[2024-02-07T07:50:02Z INFO faucet] NimiqLIVE: !send NQ3019JHXXGLCSATHMBQTFTQUU44TFA3XABD 5.4 pasqualepatr
[2024-02-07T07:50:02Z INFO faucet] NimiqLIVE: @pasqualepatr earned 5.4 NIM! (1.8x)[3/12]
[2024-02-07T07:50:05Z INFO faucet] NimiqLIVE: Sent 5.4 NIM to @pasqualepatr! TXID: https://nimiq.watch/#3828f1bf14d2b4ed2dce6c1ffbd13a1f5911a362fb27c2d9f6b285813176c700
[2024-02-07T07:52:43Z INFO faucet] Pharmineous: !opi1
[2024-02-07T07:52:43Z INFO faucet] NimiqLIVE: @pharmineous you are now eligible!
[2024-02-07T07:54:25Z INFO faucet] waygrow: !uew2
[2024-02-07T07:54:25Z INFO faucet] NimiqLIVE: @waygrow you are now eligible!
[2024-02-07T07:55:07Z INFO faucet] NimiqLIVE: !send NQ637BGF3MMTUHVD5EPYPLS33AR3VTUE6TGR 2.4 rjwired
[2024-02-07T07:55:07Z INFO faucet] NimiqLIVE: @rjwired earned 2.4 NIM! (1.9x)[4/12]
[2024-02-07T07:55:09Z INFO faucet] NimiqLIVE: Sent 2.4 NIM to @rjwired! TXID: https://nimiq.watch/#a21df8cb7e6e884e99e5280c3c3dd24c802a3714d79ad76dd32c608ed4222cf3
[2024-02-07T07:57:12Z INFO faucet] emilykimau1: !l3oa
[2024-02-07T07:57:12Z INFO faucet] NimiqLIVE: @emilykimau1 you are now eligible!
[2024-02-07T08:00:12Z INFO faucet] NimiqLIVE: !send NQ6999N3H69DLD59QDUTJJ0X7LK3KP1AGMBF 6.5 waygrow
[2024-02-07T08:00:12Z INFO faucet] NimiqLIVE: @waygrow earned 6.5 NIM! (1.8x)[5/12]
[2024-02-07T08:00:15Z INFO faucet] NimiqLIVE: Sent 6.5 NIM to @waygrow! TXID: https://nimiq.watch/#e1aba8a7eb5e3bae87e2918041554855a2a5a7166fe8888c91ee852a5f60aca9
[2024-02-07T08:00:45Z INFO faucet] NimiqLIVE: Stream Avatars Extension! : https://server.streamavatars.com/viewer.html?channel_id=630650515&platform=twitch
[2024-02-07T08:02:00Z INFO faucet] fratta2: !vgvd
[2024-02-07T08:02:00Z INFO faucet] NimiqLIVE: @fratta2 you are now eligible!
[2024-02-07T08:05:18Z INFO faucet] NimiqLIVE: !send NQ83FTJBQK71QRJ13JE971XRQCJC0UR5AGL4 2.2 junky_cry
[2024-02-07T08:05:18Z INFO faucet] NimiqLIVE: @junky_cry earned 2.2 NIM! (1.8x)[6/12]
[2024-02-07T08:05:19Z INFO faucet] NimiqLIVE: Sent 2.2 NIM to @junky_cry! TXID: https://nimiq.watch/#b043c330036760f6cfbb4d71389ea7d182f8b5215f442d6b609a3df11c6afb7a
[2024-02-07T08:10:22Z INFO faucet] NimiqLIVE: !send NQ83FTJBQK71QRJ13JE971XRQCJC0UR5AGL4 2.2 junky_cry
[2024-02-07T08:10:22Z INFO faucet] NimiqLIVE: @junky_cry earned 2.2 NIM! (1.8x)[7/12]
[2024-02-07T08:10:24Z INFO faucet] NimiqLIVE: Sent 2.2 NIM to @junky_cry! TXID: https://nimiq.watch/#01e3ab4b86e6677616a6e88bbb69e37f41d6a0135f238186627ad4a222883071
[2024-02-07T08:12:36Z INFO faucet] pudraahakki: !rz8m
[2024-02-07T08:12:36Z INFO faucet] NimiqLIVE: @pudraahakki you are now eligible!
[2024-02-07T08:15:27Z INFO faucet] NimiqLIVE: !send NQ637BGF3MMTUHVD5EPYPLS33AR3VTUE6TGR 2.4 rjwired
[2024-02-07T08:15:27Z INFO faucet] NimiqLIVE: @rjwired earned 2.4 NIM! (1.9x)[8/12]
[2024-02-07T08:15:30Z INFO faucet] NimiqLIVE: Sent 2.4 NIM to @rjwired! TXID: https://nimiq.watch/#dd5e68400a575ded9619697af7b9d6a203b32a515bb6114db21b943dfabd49d0
[2024-02-07T08:20:33Z INFO faucet] NimiqLIVE: !send NQ3019JHXXGLCSATHMBQTFTQUU44TFA3XABD 6.8 pasqualepatr
[2024-02-07T08:20:33Z INFO faucet] NimiqLIVE: @pasqualepatr earned 6.8 NIM! (1.9x)[9/12]
[2024-02-07T08:20:36Z INFO faucet] NimiqLIVE: Sent 6.8 NIM to @pasqualepatr! TXID: https://nimiq.watch/#2af016d40823db92254924be7f71e2a6030e5f9a683c63d1403b7eb632107c08
[2024-02-07T08:25:38Z INFO faucet] NimiqLIVE: !send NQ91FL86X9S8SY0B5UG7K3Q8N9JK1J3Q776M 6.5 pudraahakki
[2024-02-07T08:25:38Z INFO faucet] NimiqLIVE: @pudraahakki earned 6.5 NIM! (1.8x)[10/12]
[2024-02-07T08:25:40Z INFO faucet] NimiqLIVE: Sent 6.5 NIM to @pudraahakki! TXID: https://nimiq.watch/#be985be7711fb484b5514f73d14bbb44c70e926b25a704b0a6e695d9bae9918d
[2024-02-07T08:26:01Z INFO faucet] Pharmineous: !4ux8
[2024-02-07T08:26:01Z INFO faucet] NimiqLIVE: @pharmineous you are already eligible, no need to enter the code :)
[2024-02-07T08:27:31Z INFO faucet] RJwired: :)
[2024-02-07T08:30:44Z INFO faucet] NimiqLIVE: !send NQ7916E85NRVTMXHA8JDJ8X80V2JC5UBF1TT 2.4 nohwolf
[2024-02-07T08:30:44Z INFO faucet] NimiqLIVE: @nohwolf earned 2.4 NIM! (1.9x)[11/12]
[2024-02-07T08:30:46Z INFO faucet] NimiqLIVE: Sent 2.4 NIM to @nohwolf! TXID: https://nimiq.watch/#7959c8789802ecfe11e898238cf03aa4282f6e1093db4b216d584b804ac82302
[2024-02-07T08:35:00Z INFO faucet] pudraahakki: !4ux8
[2024-02-07T08:35:00Z INFO faucet] NimiqLIVE: @pudraahakki you are already eligible, no need to enter the code :)
[2024-02-07T08:35:50Z INFO faucet] NimiqLIVE: !send NQ83FTJBQK71QRJ13JE971XRQCJC0UR5AGL4 2.1 junky_cry
[2024-02-07T08:35:50Z INFO faucet] NimiqLIVE: @junky_cry earned 2.1 NIM! (1.7x)[12/12]
[2024-02-07T08:35:50Z INFO faucet] NimiqLIVE: Starting battle royale, winner earns 10 NIM!
[2024-02-07T08:35:50Z INFO faucet] NimiqLIVE: !battleroyale
[2024-02-07T08:35:51Z INFO faucet] NimiqLIVE: The Battle Royale is starting!
[2024-02-07T08:35:53Z INFO faucet] NimiqLIVE: Sent 2.1 NIM to @junky_cry! TXID: https://nimiq.watch/#bb9498f95469a36b1a7bb09a3edbda8afba133fde1380e6e351939ebfe0ae3c2
[2024-02-07T08:36:01Z INFO faucet] RJwired: !o399
[2024-02-07T08:36:01Z INFO faucet] NimiqLIVE: @rjwired you are now eligible!
[2024-02-08T11:34:45Z DEBUG rustls::client::hs] No cached session for DnsName("irc.chat.twitch.tv")
[2024-02-08T11:34:45Z DEBUG rustls::client::hs] Not resuming any session
[2024-02-08T11:34:46Z DEBUG rustls::client::hs] ALPN protocol is None
[2024-02-08T11:34:46Z DEBUG rustls::client::hs] Using ciphersuite TLS_ECDHE_RSA_WITH_AES_128_GCM_SHA256
[2024-02-08T11:34:46Z DEBUG rustls::client::tls12] ECDHE curve is ECParameters { curve_type: NamedCurve, named_group: secp256r1 }
[2024-02-08T11:34:46Z DEBUG rustls::client::tls12] Server DNS name is DnsName("irc.chat.twitch.tv")
[2024-02-08T11:35:08Z INFO faucet] NimiqLIVE: nimiqlHEART
[2024-02-08T11:36:32Z INFO faucet] NimiqLIVE: !send NQ637BGF3MMTUHVD5EPYPLS33AR3VTUE6TGR 2.7 rjwired
[2024-02-08T11:36:32Z INFO faucet] NimiqLIVE: @rjwired earned 2.7 NIM! (1.8x)[7/12]
[2024-02-08T11:36:34Z INFO faucet] NimiqLIVE: Sent 2.7 NIM to @rjwired! TXID: https://nimiq.watch/#8d4823298f97228c5b63ee6d158087a242af064d575b202fdf967c7830445010
[2024-02-08T11:39:51Z INFO faucet] bkamber: !uspx
[2024-02-08T11:40:01Z INFO faucet] bkamber: !id5j
[2024-02-08T11:40:01Z INFO faucet] NimiqLIVE: @bkamber you are now eligible!
[2024-02-08T11:41:36Z INFO faucet] NimiqLIVE: !send NQ048773FY3P7HR6PGNCX8PXH39A5BL1V0GR 2.5 emilykimau1
[2024-02-08T11:41:36Z INFO faucet] NimiqLIVE: @emilykimau1 earned 2.5 NIM! (1.7x)[8/12]
[2024-02-08T11:41:38Z INFO faucet] NimiqLIVE: Sent 2.5 NIM to @emilykimau1! TXID: https://nimiq.watch/#7b35fcb7b3614e7f875c6233ead2c75e1475e0011db8d7ea7b8dfba9a490a5b2
[2024-02-08T11:43:21Z DEBUG rustls::client::hs] No cached session for DnsName("irc.chat.twitch.tv")
[2024-02-08T11:43:21Z DEBUG rustls::client::hs] Not resuming any session
[2024-02-08T11:43:21Z DEBUG rustls::client::hs] ALPN protocol is None
[2024-02-08T11:43:21Z DEBUG rustls::client::hs] Using ciphersuite TLS_ECDHE_RSA_WITH_AES_128_GCM_SHA256
[2024-02-08T11:43:21Z DEBUG rustls::client::tls12] ECDHE curve is ECParameters { curve_type: NamedCurve, named_group: secp256r1 }
[2024-02-08T11:43:21Z DEBUG rustls::client::tls12] Server DNS name is DnsName("irc.chat.twitch.tv")
[2024-02-08T11:43:56Z INFO faucet] nitikop: !wi2g
[2024-02-08T11:43:56Z INFO faucet] nitikop: !wi2g
[2024-02-08T11:43:56Z INFO faucet] NimiqLIVE: @nitikop you are now eligible!
[2024-02-08T11:43:56Z INFO faucet] NimiqLIVE: @nitikop you are now eligible!
[2024-02-08T11:45:05Z DEBUG rustls::client::hs] No cached session for DnsName("irc.chat.twitch.tv")
[2024-02-08T11:45:05Z DEBUG rustls::client::hs] Not resuming any session
[2024-02-08T11:45:05Z DEBUG rustls::client::hs] ALPN protocol is None
[2024-02-08T11:45:05Z DEBUG rustls::client::hs] Using ciphersuite TLS_ECDHE_RSA_WITH_AES_128_GCM_SHA256
[2024-02-08T11:45:05Z DEBUG rustls::client::tls12] ECDHE curve is ECParameters { curve_type: NamedCurve, named_group: secp256r1 }
[2024-02-08T11:45:05Z DEBUG rustls::client::tls12] Server DNS name is DnsName("irc.chat.twitch.tv")
[2024-02-08T11:45:07Z INFO faucet] Kunfupanda91: sequence
[2024-02-08T11:45:08Z INFO faucet] tsnfn: reign
[2024-02-08T11:45:10Z INFO faucet] MrSealBoss: Discovery
[2024-02-08T11:45:13Z INFO faucet] HazzaMore: film
[2024-02-08T11:45:13Z INFO faucet] galaxy_wolf83: try and
[2024-02-08T11:45:16Z INFO faucet] Nightbot: fruitOmfy FOLLOW MY CATS HERE -> instagram.com/pipandstormy fruitChonk
[2024-02-08T11:45:17Z INFO faucet] OmkarTS20: Scientist
[2024-02-08T11:45:20Z INFO faucet] mike_gamer__: economics
[2024-02-08T11:45:21Z INFO faucet] itsakku28: it could be history maybe
[2024-02-08T11:45:22Z INFO faucet] JarredHD: day
[2024-02-08T11:45:25Z INFO faucet] MrSealBoss: Disovery?
[2024-02-08T11:45:26Z INFO faucet] Jeppzer: radiation
[2024-02-08T11:45:28Z INFO faucet] galaxy_wolf83: and
[2024-02-08T11:45:28Z INFO faucet] TerrahAustralis: rum
[2024-02-08T11:45:29Z INFO faucet] Mightysoulz: Geology
[2024-02-08T11:45:29Z INFO faucet] tomflanders: music
[2024-02-08T11:45:30Z INFO faucet] master10192: behaviour
[2024-02-08T11:45:30Z INFO faucet] coranisawolf: game
[2024-02-08T11:45:33Z INFO faucet] tsnfn: power
[2024-02-08T11:45:34Z INFO faucet] HazzaMore: eeeh
[2024-02-08T11:45:34Z INFO faucet] jcmiles84: time
[2024-02-08T11:45:37Z INFO faucet] galaxy_wolf83: maybe and
[2024-02-08T11:45:39Z INFO faucet] Gigglezog: black
[2024-02-08T11:45:40Z INFO faucet] Crewjip: story
[2024-02-08T11:45:41Z INFO faucet] Crewjip: tale
[2024-02-08T11:45:42Z INFO faucet] itsakku28: archaeology
[2024-02-08T11:45:44Z INFO faucet] JarredHD: international
[2024-02-08T11:45:48Z INFO faucet] HazzaMore: politics
[2024-02-08T11:45:51Z INFO faucet] galaxy_wolf83: try and
[2024-02-08T11:45:52Z INFO faucet] Drakuns: president captain
[2024-02-08T11:45:52Z INFO faucet] mike_gamer__: calculus
[2024-02-08T11:45:53Z INFO faucet] Jeppzer: decay
[2024-02-08T11:45:57Z INFO faucet] chrisehhh: boss
[2024-02-08T11:46:00Z INFO faucet] Saadman_Saif: mass
[2024-02-08T11:46:01Z INFO faucet] Drakuns: leader
[2024-02-08T11:46:02Z INFO faucet] luckylukeattack: plastic
[2024-02-08T11:46:02Z INFO faucet] icespillermc11: Branch
[2024-02-08T11:46:03Z INFO faucet] MrSealBoss: Year
[2024-02-08T11:46:05Z INFO faucet] tsnfn: evolution
[2024-02-08T11:46:06Z INFO faucet] galaxy_wolf83: AND
[2024-02-08T11:46:10Z INFO faucet] chrisehhh: boss ?
[2024-02-08T11:46:10Z INFO faucet] master10192: government
[2024-02-08T11:46:10Z INFO faucet] FreddieMcBob: quantum
[2024-02-08T11:46:13Z INFO faucet] Jeppzer: mathematics mhm
[2024-02-08T11:46:13Z INFO faucet] NimiqLIVE: Stream Avatars Extension! : https://server.streamavatars.com/viewer.html?channel_id=630650515&platform=twitch
[2024-02-08T11:46:14Z INFO faucet] jcmiles84: first
[2024-02-08T11:46:16Z INFO faucet] coranisawolf: tomb
[2024-02-08T11:46:17Z INFO faucet] BraedenAUS: chemistry
[2024-02-08T11:46:19Z INFO faucet] itsakku28: government? republic or politics related maybe?
[2024-02-08T11:46:19Z INFO faucet] tomflanders: musical
[2024-02-08T11:46:24Z INFO faucet] galaxy_wolf83: and?? lol
[2024-02-08T11:46:24Z INFO faucet] Saadman_Saif: theology
[2024-02-08T11:46:27Z INFO faucet] Nataleeia: space
[2024-02-08T11:46:29Z INFO faucet] coranisawolf: Rock
[2024-02-08T11:46:31Z INFO faucet] Drakuns: string
[2024-02-08T11:46:32Z INFO faucet] brtj12456: HEY LOSERFRUIT
[2024-02-08T11:46:33Z INFO faucet] mike_gamer__: mechanics
[2024-02-08T11:46:34Z INFO faucet] chrisehhh: Producer
[2024-02-08T11:46:37Z INFO faucet] Crewjip: Philosophy
[2024-02-08T11:46:38Z INFO faucet] galaxy_wolf83: in between
[2024-02-08T11:46:39Z INFO faucet] NimiqLIVE: !send NQ73TAP61384RULLPDA5TNXKRRASQLFK7NF4 8.5 fratta2
[2024-02-08T11:46:39Z INFO faucet] NimiqLIVE: @fratta2 earned 8.5 NIM! (1.9x)[9/12]
[2024-02-08T11:46:39Z INFO faucet] metlika87: Space
[2024-02-08T11:46:40Z INFO faucet] FreddieMcBob: have you tried quantum?
[2024-02-08T11:46:40Z INFO faucet] NimiqLIVE: Sent 8.5 NIM to @fratta2! TXID: https://nimiq.watch/#a3068676129979e47c1793fd16e02205896099d6997c1a0b7e81c36da1d41569
[2024-02-08T11:46:41Z INFO faucet] tsnfn: it might be historical
[2024-02-08T11:46:45Z INFO faucet] tomflanders: Erm
[2024-02-08T11:46:46Z INFO faucet] tsnfn: NO AD
[2024-02-08T11:46:50Z INFO faucet] HazzaMore: eeeh
[2024-02-08T11:46:50Z INFO faucet] tomflanders: motion
[2024-02-08T11:46:53Z INFO faucet] Crewjip: Workings
[2024-02-08T11:46:54Z INFO faucet] luckylukeattack: sociology
[2024-02-08T11:46:55Z INFO faucet] Drakuns: fixing
[2024-02-08T11:46:56Z INFO faucet] JarredHD: Globe
[2024-02-08T11:46:57Z INFO faucet] Jeppzer: Physics
[2024-02-08T11:46:57Z INFO faucet] charlieharper6969: Century?
[2024-02-08T11:46:57Z INFO faucet] coranisawolf: meteoroligy
[2024-02-08T11:46:58Z INFO faucet] TerrahAustralis: this has to be the hardest one
[2024-02-08T11:47:00Z INFO faucet] galaxy_wolf83: Ads r mean
[2024-02-08T11:47:03Z INFO faucet] metlika87: Theory
[2024-02-08T11:47:04Z INFO faucet] itsakku28: handicraftmanship fruitDerp fruitDerp
[2024-02-08T11:47:05Z INFO faucet] JarredHD: Argentina
[2024-02-08T11:47:05Z INFO faucet] MrJimos: TAYTAY
[2024-02-08T11:47:05Z INFO faucet] mike_gamer__: aerospace engineering
[2024-02-08T11:47:07Z INFO faucet] RavensWing: religion
[2024-02-08T11:47:08Z INFO faucet] master10192: theory of relativity
[2024-02-08T11:47:12Z INFO faucet] galaxy_wolf83: but they give you money so I’ll cope
[2024-02-08T11:47:14Z INFO faucet] MrJimos: BANGER
[2024-02-08T11:47:14Z INFO faucet] pudraahakki: !kxqi
[2024-02-08T11:47:14Z INFO faucet] NimiqLIVE: @pudraahakki you are now eligible!
[2024-02-08T11:47:17Z INFO faucet] Mightysoulz: conduct
[2024-02-08T11:47:18Z INFO faucet] Killswitch2806: time to go back to work ... bye everyone MLADY
[2024-02-08T11:47:19Z INFO faucet] Saadman_Saif: foundation
[2024-02-08T11:47:19Z INFO faucet] coranisawolf: score
[2024-02-08T11:47:20Z INFO faucet] Kunfupanda91: society
[2024-02-08T11:47:22Z INFO faucet] luckylukeattack: boxing
[2024-02-08T11:47:24Z INFO faucet] Drakuns: Pickles
[2024-02-08T11:47:24Z INFO faucet] Saadman_Saif: establishment
[2024-02-08T11:47:24Z INFO faucet] HazzaMore: Cya Killy MLADY
[2024-02-08T11:47:26Z INFO faucet] itsakku28: W SONG THOUGH POGGERS
[2024-02-08T11:47:26Z INFO faucet] coranisawolf: money
[2024-02-08T11:47:26Z INFO faucet] luckylukeattack: swimming
[2024-02-08T11:47:27Z INFO faucet] JarredHD: Technology
[2024-02-08T11:47:28Z INFO faucet] luckylukeattack: beach
[2024-02-08T11:47:32Z INFO faucet] coffei_: cryptology
[2024-02-08T11:47:32Z INFO faucet] HazzaMore: PauseChamp
[2024-02-08T11:47:33Z INFO faucet] luckylukeattack: fantasy
[2024-02-08T11:47:33Z INFO faucet] MrJimos: Listening
[2024-02-08T11:47:34Z INFO faucet] Mightysoulz: conduct 󠀀
[2024-02-08T11:47:38Z INFO faucet] coranisawolf: downfall
[2024-02-08T11:47:38Z INFO faucet] Mightysoulz: people
[2024-02-08T11:47:42Z INFO faucet] MrSealBoss: Early
[2024-02-08T11:47:43Z INFO faucet] HazzaMore: Killy just going to work came in clutch KEKW
[2024-02-08T11:47:46Z INFO faucet] tsnfn: THIS AD IS SO LONG
[2024-02-08T11:47:49Z INFO faucet] master10192: secret
[2024-02-08T11:47:50Z INFO faucet] Saadman_Saif: secret society
[2024-02-08T11:47:50Z INFO faucet] itsakku28: republican💀💀
[2024-02-08T11:47:51Z INFO faucet] galaxy_wolf83: we are so lost
[2024-02-08T11:47:51Z INFO faucet] tomflanders: utopia
[2024-02-08T11:47:51Z INFO faucet] coranisawolf: collapse
[2024-02-08T11:47:52Z INFO faucet] JarredHD: Rockstar
[2024-02-08T11:47:53Z INFO faucet] SamJWP: civilization
[2024-02-08T11:47:53Z INFO faucet] iloveturtles383: hi in new
[2024-02-08T11:47:53Z INFO faucet] JISKED: General
[2024-02-08T11:47:54Z INFO faucet] twitchlordadam: Hi
[2024-02-08T11:47:55Z INFO faucet] Crewjip: To a good workday Killy WineTime
[2024-02-08T11:47:55Z INFO faucet] Jeppzer: DO THE NUMBERS
[2024-02-08T11:47:55Z INFO faucet] metlika87: Culture
[2024-02-08T11:47:55Z INFO faucet] luckylukeattack: secret
[2024-02-08T11:47:58Z INFO faucet] Sherwood6: Language
[2024-02-08T11:48:02Z INFO faucet] coranisawolf: losy
[2024-02-08T11:48:02Z INFO faucet] Crewjip: byee
[2024-02-08T11:48:06Z INFO faucet] coranisawolf: lost
[2024-02-08T11:48:07Z INFO faucet] RavensWing: medicine
[2024-02-08T11:48:12Z INFO faucet] tsnfn: evolution
[2024-02-08T11:48:13Z INFO faucet] itsakku28: this is so confusing ong
[2024-02-08T11:48:15Z INFO faucet] MrJimos: BANGER AlienDance BANGER AlienDance
[2024-02-08T11:48:16Z INFO faucet] MrSealBoss: Late
[2024-02-08T11:48:17Z INFO faucet] TerrahAustralis: Assassination
[2024-02-08T11:48:18Z INFO faucet] JarredHD: workers
[2024-02-08T11:48:19Z INFO faucet] tsnfn: peasants
[2024-02-08T11:48:23Z INFO faucet] galaxy_wolf83: try “and” trust
[2024-02-08T11:48:23Z INFO faucet] cole_rickards: hey lufu how are you!??
[2024-02-08T11:48:24Z INFO faucet] tomflanders: this is so niche LUL
[2024-02-08T11:48:25Z INFO faucet] JarredHD: actor
[2024-02-08T11:48:25Z INFO faucet] BraedenAUS: Antarctica
[2024-02-08T11:48:28Z INFO faucet] coranisawolf: religion
[2024-02-08T11:48:29Z INFO faucet] JarredHD: company
[2024-02-08T11:48:30Z INFO faucet] itsakku28: do we have any SWIFTIES in chat?
[2024-02-08T11:48:34Z INFO faucet] luckylukeattack: beach
[2024-02-08T11:48:34Z INFO faucet] iloveturtles383: I’m new to this channel imma sub
[2024-02-08T11:48:35Z INFO faucet] SamJWP: civilization 󠀀
[2024-02-08T11:48:35Z INFO faucet] Crewjip: every
[2024-02-08T11:48:36Z INFO faucet] master10192: anime
[2024-02-08T11:48:39Z INFO faucet] KrAyZiE_JD3: science
[2024-02-08T11:48:39Z INFO faucet] MrJimos: @itsakku28 present
[2024-02-08T11:48:41Z INFO faucet] master10192: cartoon
[2024-02-08T11:48:42Z INFO faucet] Kunfupanda91: culture?
[2024-02-08T11:48:43Z INFO faucet] Jeppzer: 1 2 3 4 5 6 7 8 9 0 let's goooo
[2024-02-08T11:48:44Z INFO faucet] Saadman_Saif: list of something
[2024-02-08T11:48:47Z INFO faucet] TerrahAustralis: assassination
[2024-02-08T11:48:48Z INFO faucet] JarredHD: one
[2024-02-08T11:48:49Z INFO faucet] luckylukeattack: tower
[2024-02-08T11:48:50Z INFO faucet] iloveturtles383: FUCK TALOR SWIFT
[2024-02-08T11:48:50Z INFO faucet] HazzaMore: photography
[2024-02-08T11:48:50Z INFO faucet] RavensWing: interesting
[2024-02-08T11:48:51Z INFO faucet] JarredHD: body
[2024-02-08T11:48:53Z INFO faucet] ItsCordial: university
[2024-02-08T11:48:59Z INFO faucet] tsnfn: rise
[2024-02-08T11:49:00Z INFO faucet] Drakuns: do some common names
[2024-02-08T11:49:00Z INFO faucet] iloveturtles383: THE BEST
[2024-02-08T11:49:03Z INFO faucet] itsakku28: @mrjimos how we feeling about TTPD🤍
[2024-02-08T11:49:04Z INFO faucet] jcmiles84: one
[2024-02-08T11:49:07Z INFO faucet] galaxy_wolf83: I give up
[2024-02-08T11:49:07Z INFO faucet] luckylukeattack: how
[2024-02-08T11:49:08Z INFO faucet] master10192: physical
[2024-02-08T11:49:11Z INFO faucet] galaxy_wolf83: that one is bad
[2024-02-08T11:49:12Z INFO faucet] brynpn: off
[2024-02-08T11:49:15Z INFO faucet] Crewjip: who what when where why
[2024-02-08T11:49:15Z INFO faucet] Drakuns: peter
[2024-02-08T11:49:15Z INFO faucet] coranisawolf: warm
[2024-02-08T11:49:15Z INFO faucet] jcmiles84: two
[2024-02-08T11:49:16Z INFO faucet] itsakku28: @iloveturtles383 womp womp
[2024-02-08T11:49:18Z INFO faucet] galaxy_wolf83: nobody in chat can think of it
[2024-02-08T11:49:19Z INFO faucet] MrSealBoss: Recent
[2024-02-08T11:49:19Z INFO faucet] Crewjip: how
[2024-02-08T11:49:20Z INFO faucet] JISKED: time
[2024-02-08T11:49:22Z INFO faucet] mike_gamer__: Vinculum
[2024-02-08T11:49:22Z INFO faucet] hansbla666: foundation
[2024-02-08T11:49:22Z INFO faucet] MrJimos: @itsakku28 comes out 2 days before my birthday can't wait
[2024-02-08T11:49:22Z INFO faucet] coranisawolf: global
[2024-02-08T11:49:23Z INFO faucet] galaxy_wolf83: then it’s not real
[2024-02-08T11:49:24Z INFO faucet] alanaxrose: law
[2024-02-08T11:49:24Z INFO faucet] master10192: place
[2024-02-08T11:49:28Z INFO faucet] luckylukeattack: platinum
[2024-02-08T11:49:31Z INFO faucet] JarredHD: World
[2024-02-08T11:49:33Z INFO faucet] luckylukeattack: application
[2024-02-08T11:49:36Z INFO faucet] JarredHD: space
[2024-02-08T11:49:36Z INFO faucet] coffei_: rebellion
[2024-02-08T11:49:36Z INFO faucet] FreddieMcBob: month
[2024-02-08T11:49:37Z INFO faucet] KrAyZiE_JD3: evolution
[2024-02-08T11:49:37Z INFO faucet] coranisawolf: yes
[2024-02-08T11:49:38Z INFO faucet] RavensWing: virus
[2024-02-08T11:49:40Z INFO faucet] jcmiles84: step
[2024-02-08T11:49:42Z INFO faucet] master10192: PEOPLE PLACE THING
[2024-02-08T11:49:43Z INFO faucet] TerrahAustralis: see, also, know
[2024-02-08T11:49:43Z INFO faucet] galaxy_wolf83: I give up
[2024-02-08T11:49:43Z INFO faucet] HazzaMore: Beginning
[2024-02-08T11:49:45Z INFO faucet] Saadman_Saif: List
[2024-02-08T11:49:45Z INFO faucet] coffei_: revolution
[2024-02-08T11:49:55Z INFO faucet] itsakku28: @mrjimos it comes out the day of my boyfriends birthday😭
[2024-02-08T11:49:59Z INFO faucet] JarredHD: human
[2024-02-08T11:50:01Z INFO faucet] mike_gamer__: Vinculum
[2024-02-08T11:50:01Z INFO faucet] Saadman_Saif: origin
[2024-02-08T11:50:02Z INFO faucet] JarredHD: resources
[2024-02-08T11:50:03Z INFO faucet] tsnfn: rise
[2024-02-08T11:50:05Z INFO faucet] ObsoleteEssence: hindsight
[2024-02-08T11:50:05Z INFO faucet] Mightysoulz: Biography
[2024-02-08T11:50:06Z INFO faucet] coranisawolf: planet
[2024-02-08T11:50:11Z INFO faucet] luckylukeattack: dinosaurs
[2024-02-08T11:50:12Z INFO faucet] Drakuns: new old
[2024-02-08T11:50:12Z INFO faucet] Crewjip: I wonder how fast this would go if this was like words on streams where words chat types would fill in a word on the thing if it existed LUL
[2024-02-08T11:50:12Z INFO faucet] tomflanders: KEKW
[2024-02-08T11:50:13Z INFO faucet] RJwired: :)
[2024-02-08T11:50:16Z INFO faucet] luckylukeattack: evolution
[2024-02-08T11:50:19Z INFO faucet] coranisawolf: end
[2024-02-08T11:50:23Z INFO faucet] Mightysoulz: Biography 󠀀
[2024-02-08T11:50:23Z INFO faucet] master10192: this is frustrating
[2024-02-08T11:50:24Z INFO faucet] MrJimos: back to back taytay Listening
[2024-02-08T11:50:25Z INFO faucet] Jeppzer: tournament
[2024-02-08T11:50:26Z INFO faucet] coranisawolf: death
[2024-02-08T11:50:26Z INFO faucet] JarredHD: master
[2024-02-08T11:50:29Z INFO faucet] Bobobaal: calendar
[2024-02-08T11:50:31Z INFO faucet] ItsCordial: world ended Sadge
[2024-02-08T11:50:34Z INFO faucet] jcmiles84: first
[2024-02-08T11:50:34Z INFO faucet] TerrahAustralis: pandemic
[2024-02-08T11:50:34Z INFO faucet] master10192: rapture?
[2024-02-08T11:50:34Z INFO faucet] coranisawolf: ancient
[2024-02-08T11:50:35Z INFO faucet] jcmiles84: last
[2024-02-08T11:50:38Z INFO faucet] Jeppzer: olympic
[2024-02-08T11:50:38Z INFO faucet] tsnfn: smartphones
[2024-02-08T11:50:42Z INFO faucet] ObsoleteEssence: results
[2024-02-08T11:50:42Z INFO faucet] tsnfn: steve jobs
[2024-02-08T11:50:43Z INFO faucet] coffei_: destruction
[2024-02-08T11:50:43Z INFO faucet] luckylukeattack: balls
[2024-02-08T11:50:45Z INFO faucet] KrAyZiE_JD3: theory
[2024-02-08T11:50:46Z INFO faucet] Saadman_Saif: what came up with list
[2024-02-08T11:50:46Z INFO faucet] Bobobaal: @MrJimos Best thing ever NODDERS
[2024-02-08T11:50:47Z INFO faucet] goodHodgkins: “11”
[2024-02-08T11:50:48Z INFO faucet] brynpn: die
[2024-02-08T11:50:49Z INFO faucet] coffei_: 2011
[2024-02-08T11:50:50Z INFO faucet] luckylukeattack: fire
[2024-02-08T11:50:50Z INFO faucet] coranisawolf: Simpson
[2024-02-08T11:50:51Z INFO faucet] coffei_: 2010
[2024-02-08T11:50:51Z INFO faucet] master10192: the rapture
[2024-02-08T11:50:52Z INFO faucet] Crewjip: Phenomena
[2024-02-08T11:50:53Z INFO faucet] coffei_: 2013
[2024-02-08T11:50:54Z INFO faucet] itsakku28: TAY TAY WWWW
[2024-02-08T11:50:55Z INFO faucet] KrAyZiE_JD3: LUL
[2024-02-08T11:50:55Z INFO faucet] jcmiles84: nature
[2024-02-08T11:51:00Z INFO faucet] Gigglezog: We've done music right
[2024-02-08T11:51:02Z INFO faucet] HazzaMore: Olympics, royal wedding eeeh
[2024-02-08T11:51:02Z INFO faucet] galaxy_wolf83: third olympics
[2024-02-08T11:51:02Z INFO faucet] tsnfn: 2008
[2024-02-08T11:51:03Z INFO faucet] JarredHD: Solar
[2024-02-08T11:51:04Z INFO faucet] TerrahAustralis: Joseph Kony
[2024-02-08T11:51:04Z INFO faucet] coranisawolf: Simpsons
[2024-02-08T11:51:05Z INFO faucet] FizzyDrinky: Olympics
[2024-02-08T11:51:08Z INFO faucet] Swurly_: the world ended in 2012
[2024-02-08T11:51:09Z INFO faucet] Drakuns: nostradamus <-  911
[2024-02-08T11:51:12Z INFO faucet] Mightysoulz: Formatioin
[2024-02-08T11:51:14Z INFO faucet] ObsoleteEssence: solution
[2024-02-08T11:51:15Z INFO faucet] master10192: attack
[2024-02-08T11:51:15Z INFO faucet] coranisawolf: tv
[2024-02-08T11:51:17Z INFO faucet] Mightysoulz: *Formation
[2024-02-08T11:51:17Z INFO faucet] Swurly_: WERE LIVING IN A SIMULATION
[2024-02-08T11:51:18Z INFO faucet] tomflanders: vote
[2024-02-08T11:51:19Z INFO faucet] RavensWing: broadcast
[2024-02-08T11:51:19Z INFO faucet] luckylukeattack: evolution
[2024-02-08T11:51:19Z INFO faucet] brynpn: phenomenon
[2024-02-08T11:51:21Z INFO faucet] KrAyZiE_JD3: calendar
[2024-02-08T11:51:24Z INFO faucet] Mightysoulz: *Formation 󠀀
[2024-02-08T11:51:27Z INFO faucet] galaxy_wolf83: end
[2024-02-08T11:51:28Z INFO faucet] luckylukeattack: plants
[2024-02-08T11:51:30Z INFO faucet] tsnfn: climate change
[2024-02-08T11:51:30Z INFO faucet] RavensWing: order
[2024-02-08T11:51:32Z INFO faucet] galaxy_wolf83: end of the world
[2024-02-08T11:51:32Z INFO faucet] JarredHD: Egypt
[2024-02-08T11:51:33Z INFO faucet] jcmiles84: common
[2024-02-08T11:51:34Z INFO faucet] Drakuns: gas
[2024-02-08T11:51:34Z INFO faucet] tomflanders: environment
[2024-02-08T11:51:35Z INFO faucet] luckylukeattack: garden
[2024-02-08T11:51:37Z INFO faucet] HazzaMore: jubilee
[2024-02-08T11:51:38Z INFO faucet] luckylukeattack: organic
[2024-02-08T11:51:39Z INFO faucet] Jeppzer: mars
[2024-02-08T11:51:39Z INFO faucet] Swurly_: DISASTER
[2024-02-08T11:51:40Z INFO faucet] brynpn: phenomenon?
[2024-02-08T11:51:42Z INFO faucet] BraedenAUS: force
[2024-02-08T11:51:43Z INFO faucet] NimiqLIVE: !send NQ3019JHXXGLCSATHMBQTFTQUU44TFA3XABD 8.1 pasqualepatr
[2024-02-08T11:51:43Z INFO faucet] NimiqLIVE: @pasqualepatr earned 8.1 NIM! (1.8x)[10/12]
[2024-02-08T11:51:46Z INFO faucet] FreddieMcBob: loser
[2024-02-08T11:51:47Z INFO faucet] NimiqLIVE: Sent 8.1 NIM to @pasqualepatr! TXID: https://nimiq.watch/#a81579f97f63b76a65726a4de7618774ba2a85b3b4d0ef05c9fd62b4f6b50f89
[2024-02-08T11:51:48Z INFO faucet] Jeppzer: nasa
[2024-02-08T11:51:49Z INFO faucet] goodHodgkins: “world“
[2024-02-08T11:51:49Z INFO faucet] FreddieMcBob: fruit
[2024-02-08T11:51:49Z INFO faucet] galaxy_wolf83: end of the world?
[2024-02-08T11:52:18Z DEBUG rustls::client::hs] No cached session for DnsName("irc.chat.twitch.tv")
[2024-02-08T11:52:18Z DEBUG rustls::client::hs] Not resuming any session
[2024-02-08T11:52:18Z DEBUG rustls::client::hs] ALPN protocol is None
[2024-02-08T11:52:18Z DEBUG rustls::client::hs] Using ciphersuite TLS_ECDHE_RSA_WITH_AES_128_GCM_SHA256
[2024-02-08T11:52:18Z DEBUG rustls::client::tls12] ECDHE curve is ECParameters { curve_type: NamedCurve, named_group: secp256r1 }
[2024-02-08T11:52:18Z DEBUG rustls::client::tls12] Server DNS name is DnsName("irc.chat.twitch.tv")
[2024-02-08T11:56:25Z DEBUG rustls::client::hs] No cached session for DnsName("irc.chat.twitch.tv")
[2024-02-08T11:56:25Z DEBUG rustls::client::hs] Not resuming any session
[2024-02-08T11:56:25Z DEBUG rustls::client::hs] ALPN protocol is None
[2024-02-08T11:56:25Z DEBUG rustls::client::hs] Using ciphersuite TLS_ECDHE_RSA_WITH_AES_128_GCM_SHA256
[2024-02-08T11:56:25Z DEBUG rustls::client::tls12] ECDHE curve is ECParameters { curve_type: NamedCurve, named_group: secp256r1 }
[2024-02-08T11:56:25Z DEBUG rustls::client::tls12] Server DNS name is DnsName("irc.chat.twitch.tv")
[2024-02-08T11:56:47Z INFO faucet] NimiqLIVE: !send NQ637FRSEA4U11XT51E19MK7L9RRQ2CNC61L 7.6 pharmineous -- Privmsg { channel: Channel("#nimiqlive"), channel_id: "630650515", message_id: "df99dc44-41d5-45f4-a8e8-5c7eb5472451", sender: User { id: "630650515", login: "nimiqlive", name: "NimiqLIVE" }, reply_to: None, text: "!send NQ637FRSEA4U11XT51E19MK7L9RRQ2CNC61L 7.6 pharmineous", is_action: false, badges: [Broadcaster, Subscriber(Subscriber { version: "0", months: "31", months_n: 31 })], color: Some("#DAA520"), bits: None, emotes: "", timestamp: 2024-02-08T11:56:46.969Z }
[2024-02-08T11:56:47Z INFO faucet] NimiqLIVE: @pharmineous earned 7.6 NIM! (1.7x)[11/12] -- Privmsg { channel: Channel("#nimiqlive"), channel_id: "630650515", message_id: "fe0b573b-75e7-4707-8f27-1da3d2de1910", sender: User { id: "630650515", login: "nimiqlive", name: "NimiqLIVE" }, reply_to: None, text: "@pharmineous earned 7.6 NIM! (1.7x)[11/12]", is_action: true, badges: [Broadcaster, Subscriber(Subscriber { version: "0", months: "31", months_n: 31 })], color: Some("#DAA520"), bits: None, emotes: "", timestamp: 2024-02-08T11:56:47.044Z }
[2024-02-08T11:56:49Z INFO faucet] NimiqLIVE: Sent 7.6 NIM to @pharmineous! TXID: https://nimiq.watch/#44c13517e4870e4550cf90a15d449f63abef49a84a132243e9973ca283f8cdd9 -- Privmsg { channel: Channel("#nimiqlive"), channel_id: "630650515", message_id: "eea3a79d-f340-4a81-bfe6-d82e8e9027a6", sender: User { id: "630650515", login: "nimiqlive", name: "NimiqLIVE" }, reply_to: None, text: "Sent 7.6 NIM to @pharmineous! TXID: https://nimiq.watch/#44c13517e4870e4550cf90a15d449f63abef49a84a132243e9973ca283f8cdd9", is_action: true, badges: [Broadcaster, Subscriber(Subscriber { version: "0", months: "31", months_n: 31 })], color: Some("#DAA520"), bits: None, emotes: "", timestamp: 2024-02-08T11:56:48.885Z }
[2024-02-08T11:59:46Z INFO faucet] nimiqismygem: !nczc -- Privmsg { channel: Channel("#nimiqlive"), channel_id: "630650515", message_id: "739960f3-91c7-46aa-8b07-abcc5cff5528", sender: User { id: "624404865", login: "nimiqismygem", name: "nimiqismygem" }, reply_to: None, text: "!nczc", is_action: false, badges: [], color: None, bits: None, emotes: "", timestamp: 2024-02-08T11:59:46.664Z }
[2024-02-08T11:59:46Z INFO faucet] NimiqLIVE: @nimiqismygem you are now eligible! -- Privmsg { channel: Channel("#nimiqlive"), channel_id: "630650515", message_id: "66085b49-1f80-469c-a750-035a7c3d4f7d", sender: User { id: "630650515", login: "nimiqlive", name: "NimiqLIVE" }, reply_to: None, text: "@nimiqismygem you are now eligible!", is_action: false, badges: [Broadcaster, Subscriber(Subscriber { version: "0", months: "31", months_n: 31 })], color: Some("#DAA520"), bits: None, emotes: "", timestamp: 2024-02-08T11:59:46.769Z }
[2024-02-08T12:01:07Z INFO faucet] waygrow: !jtau -- Privmsg { channel: Channel("#nimiqlive"), channel_id: "630650515", message_id: "7946d4ca-b3c1-464d-ad9f-61817ce9e9e2", sender: User { id: "138063596", login: "waygrow", name: "waygrow" }, reply_to: None, text: "!jtau", is_action: false, badges: [Subscriber(Subscriber { version: "0", months: "1", months_n: 1 })], color: None, bits: None, emotes: "", timestamp: 2024-02-08T12:01:06.985Z }
[2024-02-08T12:01:07Z INFO faucet] NimiqLIVE: @waygrow you are now eligible! -- Privmsg { channel: Channel("#nimiqlive"), channel_id: "630650515", message_id: "2a27f8bb-6313-4870-80a9-d88a7e4c95ac", sender: User { id: "630650515", login: "nimiqlive", name: "NimiqLIVE" }, reply_to: None, text: "@waygrow you are now eligible!", is_action: false, badges: [Broadcaster, Subscriber(Subscriber { version: "0", months: "31", months_n: 31 })], color: Some("#DAA520"), bits: None, emotes: "", timestamp: 2024-02-08T12:01:07.085Z }
